2021-05-01 17:59:40,744 : INFO : Start of Prediction
2021-05-01 17:59:40,744 : INFO : run_id:2021-05-01_175940_104370611
2021-05-01 17:59:40,744 : INFO : Start of Data Load, validation and transformation
2021-05-01 17:59:40,744 : INFO : Start of Archiving Old Rejected Files...
2021-05-01 17:59:40,744 : INFO : End of Archiving Old Rejected Files...
2021-05-01 17:59:40,744 : INFO : Start of Archiving Old Validated Files...
2021-05-01 17:59:40,746 : INFO : End of Archiving Old Validated Files...
2021-05-01 17:59:40,747 : INFO : Start of Archiving Old Processed Files...
2021-05-01 17:59:40,748 : INFO : End of Archiving Old Processed Files...
2021-05-01 17:59:40,748 : INFO : Start of Archiving Old Result Files...
2021-05-01 17:59:40,749 : INFO : End of Archiving Old Result Files...
2021-05-01 17:59:40,749 : INFO : Start of Reading values From Schema...
2021-05-01 17:59:40,750 : INFO : End of Reading values From Schema...
2021-05-01 17:59:40,750 : INFO : Start of Validating Column Length...
2021-05-01 17:59:40,751 : INFO : End of Validating Column Length...
2021-05-01 17:59:40,751 : INFO : Start of Validating Missing Values...
2021-05-01 17:59:40,751 : INFO : End of Validating Missing Values...
2021-05-01 17:59:40,752 : INFO : Start of Replacing Missing Values with NULL...
2021-05-01 17:59:40,752 : INFO : End of Replacing Missing Values with NULL...
2021-05-01 17:59:40,752 : INFO : Start of Creating Table...
2021-05-01 17:59:40,752 : INFO : Opened prediction database successfully
2021-05-01 17:59:40,948 : INFO : CREATE TABLE prediction_raw_data_t column_name
2021-05-01 17:59:41,056 : INFO : ALTER TABLE prediction_raw_data_t ADD COLUMN
2021-05-01 17:59:41,134 : INFO : ALTER TABLE prediction_raw_data_t ADD COLUMN
2021-05-01 17:59:41,202 : INFO : ALTER TABLE prediction_raw_data_t ADD COLUMN
2021-05-01 17:59:41,266 : INFO : ALTER TABLE prediction_raw_data_t ADD COLUMN
2021-05-01 17:59:41,346 : INFO : ALTER TABLE prediction_raw_data_t ADD COLUMN
2021-05-01 17:59:41,411 : INFO : ALTER TABLE prediction_raw_data_t ADD COLUMN
2021-05-01 17:59:41,489 : INFO : ALTER TABLE prediction_raw_data_t ADD COLUMN
2021-05-01 17:59:41,554 : INFO : ALTER TABLE prediction_raw_data_t ADD COLUMN
2021-05-01 17:59:41,554 : INFO : End of Creating Table...
2021-05-01 17:59:41,569 : INFO : Opened prediction database successfully
2021-05-01 17:59:41,569 : INFO : Start of Inserting Data into Table...
2021-05-01 17:59:41,569 : INFO : End of Inserting Data into Table...
2021-05-01 17:59:41,569 : INFO : Start of Exporting Data into CSV...
2021-05-01 17:59:41,569 : INFO : Opened prediction database successfully
2021-05-01 17:59:41,571 : INFO : End of Exporting Data into CSV...
2021-05-01 17:59:41,571 : INFO : Start of Moving Processed Files...
2021-05-01 17:59:41,572 : INFO : End of Moving Processed Files...
2021-05-01 17:59:41,572 : INFO : End of Data Load, validation and transformation
2021-05-01 17:59:41,572 : INFO : Start of Preprocessing...
2021-05-01 17:59:41,572 : INFO : Start of reading dataset...
2021-05-01 17:59:41,584 : INFO : End of reading dataset...
2021-05-01 17:59:41,586 : INFO : Start of feature encoding...
2021-05-01 17:59:41,617 : INFO : End of feature encoding...
2021-05-01 17:59:41,619 : INFO : Start of Droping Columns...
2021-05-01 17:59:41,620 : INFO : End of Droping Columns...
2021-05-01 17:59:41,620 : INFO : Start of finding missing values...
2021-05-01 17:59:41,620 : INFO : End of finding missing values...
2021-05-01 17:59:41,621 : INFO : Start of building final predictset...
2021-05-01 17:59:41,628 : INFO : End of building final predictset...
2021-05-01 17:59:41,629 : INFO : End of Preprocessing...
2021-05-01 17:59:41,629 : INFO : Start of Load Model
2021-05-01 17:59:41,629 : INFO : Model File KMeans loaded
2021-05-01 17:59:41,629 : INFO : End of Load Model
2021-05-01 17:59:41,634 : ERROR : Unsuccessful End of Prediction
Traceback (most recent call last):
  File "D:\GitHub\Employee-Retention-Prediction\App\apps\prediction\predict_model.py", line 30, in batch_predict_from_model
    clusters = kmeans.predict(self.X.drop(['empid'],axis=1))
  File "D:\Programming\Python\Anaconda\lib\site-packages\sklearn\cluster\_kmeans.py", line 1201, in predict
    X = self._check_test_data(X)
  File "D:\Programming\Python\Anaconda\lib\site-packages\sklearn\cluster\_kmeans.py", line 993, in _check_test_data
    X = check_array(X, accept_sparse='csr', dtype=[np.float64, np.float32],
  File "D:\Programming\Python\Anaconda\lib\site-packages\sklearn\utils\validation.py", line 72, in inner_f
    return f(**kwargs)
  File "D:\Programming\Python\Anaconda\lib\site-packages\sklearn\utils\validation.py", line 650, in check_array
    raise ValueError("Found array with %d sample(s) (shape=%s) while a"
ValueError: Found array with 0 sample(s) (shape=(0, 11)) while a minimum of 1 is required.
