2021-05-05 12:54:37,491 : INFO : Start of Prediction
2021-05-05 12:54:37,491 : INFO : run_id:2021-05-05_125437_861494255
2021-05-05 12:54:37,491 : INFO : Start of Preprocessing...
2021-05-05 12:54:37,491 : INFO : Start of feature encoding...
2021-05-05 12:54:37,619 : INFO : End of feature encoding...
2021-05-05 12:54:37,629 : INFO : Start of Droping Columns...
2021-05-05 12:54:37,629 : INFO : End of Droping Columns...
2021-05-05 12:54:37,629 : INFO : Start of finding missing values...
2021-05-05 12:54:37,629 : INFO : End of finding missing values...
2021-05-05 12:54:37,629 : INFO : Start of building final predictset...
2021-05-05 12:54:37,703 : INFO : End of building final predictset...
2021-05-05 12:54:37,703 : INFO : End of Preprocessing...
2021-05-05 12:54:37,703 : INFO : Start of Load Model
2021-05-05 12:54:37,724 : INFO : Model File KMeans loaded
2021-05-05 12:54:37,724 : INFO : End of Load Model
2021-05-05 12:54:37,999 : INFO : clusters loop started
2021-05-05 12:54:38,258 : INFO : Start of finding correct model
2021-05-05 12:54:38,258 : INFO : End of finding correct model
2021-05-05 12:54:38,258 : INFO : Start of Load Model
2021-05-05 12:54:38,292 : INFO : Model File XGBoost2 loaded
2021-05-05 12:54:38,292 : INFO : End of Load Model
2021-05-05 12:54:38,509 : INFO : Shape of Data (1, 9)
2021-05-05 12:54:38,570 : INFO : Shape of Data None
2021-05-05 12:54:38,624 : INFO : Output : [0.]
2021-05-05 12:54:38,624 : INFO : End of Prediction
