2021-05-02 15:42:47,224 : INFO : Start of Prediction
2021-05-02 15:42:47,224 : INFO : run_id:2021-05-02_154247_404989073
2021-05-02 15:42:47,225 : INFO : Start of Preprocessing...
2021-05-02 15:42:47,225 : INFO : Start of feature encoding...
2021-05-02 15:42:47,408 : INFO : End of feature encoding...
2021-05-02 15:42:47,420 : INFO : Start of Droping Columns...
2021-05-02 15:42:47,435 : INFO : End of Droping Columns...
2021-05-02 15:42:47,436 : INFO : Start of finding missing values...
2021-05-02 15:42:47,451 : INFO : End of finding missing values...
2021-05-02 15:42:47,451 : INFO : Start of building final predictset...
2021-05-02 15:42:47,486 : INFO : End of building final predictset...
2021-05-02 15:42:47,487 : INFO : End of Preprocessing...
2021-05-02 15:42:47,487 : INFO : Start of Load Model
2021-05-02 15:42:47,504 : INFO : Model File KMeans loaded
2021-05-02 15:42:47,504 : INFO : End of Load Model
2021-05-02 15:42:47,798 : INFO : clusters loop started
2021-05-02 15:42:47,965 : INFO : Start of finding correct model
2021-05-02 15:42:47,966 : INFO : End of finding correct model
2021-05-02 15:42:47,966 : INFO : Start of Load Model
2021-05-02 15:42:47,995 : INFO : Model File XGBoost2 loaded
2021-05-02 15:42:47,996 : INFO : End of Load Model
2021-05-02 15:42:48,156 : INFO : Shape of Data (1, 9)
2021-05-02 15:42:48,308 : INFO : Shape of Data None
2021-05-02 15:42:48,388 : INFO : Output : [0.]
2021-05-02 15:42:48,389 : INFO : End of Prediction
