2021-05-05 13:42:17,298 : INFO : Start of Prediction
2021-05-05 13:42:17,299 : INFO : run_id:2021-05-05_134217_744402493
2021-05-05 13:42:17,300 : INFO : Start of Preprocessing...
2021-05-05 13:42:17,301 : INFO : Start of feature encoding...
2021-05-05 13:42:17,331 : INFO : End of feature encoding...
2021-05-05 13:42:17,335 : INFO : Start of Droping Columns...
2021-05-05 13:42:17,340 : INFO : End of Droping Columns...
2021-05-05 13:42:17,341 : INFO : Start of finding missing values...
2021-05-05 13:42:17,344 : INFO : End of finding missing values...
2021-05-05 13:42:17,345 : INFO : Start of building final predictset...
2021-05-05 13:42:17,366 : INFO : End of building final predictset...
2021-05-05 13:42:17,367 : INFO : End of Preprocessing...
2021-05-05 13:42:17,367 : INFO : Start of Load Model
2021-05-05 13:42:17,368 : INFO : Model File KMeans loaded
2021-05-05 13:42:17,368 : INFO : End of Load Model
2021-05-05 13:42:17,399 : INFO : clusters loop started
2021-05-05 13:42:17,406 : INFO : Start of finding correct model
2021-05-05 13:42:17,406 : INFO : End of finding correct model
2021-05-05 13:42:17,407 : INFO : Start of Load Model
2021-05-05 13:42:17,408 : INFO : Model File XGBoost2 loaded
2021-05-05 13:42:17,408 : INFO : End of Load Model
2021-05-05 13:42:17,488 : INFO : Shape of Data (1, 9)
2021-05-05 13:42:17,516 : INFO : Shape of Data None
2021-05-05 13:42:17,529 : INFO : Output : [0.]
2021-05-05 13:42:17,530 : INFO : End of Prediction
