2021-05-02 17:05:25,478 : INFO : Start of Prediction
2021-05-02 17:05:25,479 : INFO : run_id:2021-05-02_170525_277062130
2021-05-02 17:05:25,479 : INFO : Start of Preprocessing...
2021-05-02 17:05:25,480 : INFO : Start of feature encoding...
2021-05-02 17:05:25,493 : INFO : End of feature encoding...
2021-05-02 17:05:25,499 : INFO : Start of Droping Columns...
2021-05-02 17:05:25,502 : INFO : End of Droping Columns...
2021-05-02 17:05:25,502 : INFO : Start of finding missing values...
2021-05-02 17:05:25,505 : INFO : End of finding missing values...
2021-05-02 17:05:25,505 : INFO : Start of building final predictset...
2021-05-02 17:05:25,520 : INFO : End of building final predictset...
2021-05-02 17:05:25,520 : INFO : End of Preprocessing...
2021-05-02 17:05:25,520 : INFO : Start of Load Model
2021-05-02 17:05:25,521 : INFO : Model File KMeans loaded
2021-05-02 17:05:25,521 : INFO : End of Load Model
2021-05-02 17:05:25,528 : INFO : clusters loop started
2021-05-02 17:05:25,548 : INFO : Start of finding correct model
2021-05-02 17:05:25,549 : INFO : End of finding correct model
2021-05-02 17:05:25,549 : INFO : Start of Load Model
2021-05-02 17:05:25,549 : INFO : Model File XGBoost2 loaded
2021-05-02 17:05:25,549 : INFO : End of Load Model
2021-05-02 17:05:25,591 : INFO : Shape of Data (1, 9)
2021-05-02 17:05:25,607 : INFO : Shape of Data None
2021-05-02 17:05:25,613 : INFO : Output : [0.]
2021-05-02 17:05:25,613 : INFO : End of Prediction
