2021-05-02 17:06:32,578 : INFO : Start of Prediction
2021-05-02 17:06:32,578 : INFO : run_id:2021-05-02_170632_606090624
2021-05-02 17:06:32,578 : INFO : Start of Preprocessing...
2021-05-02 17:06:32,578 : INFO : Start of feature encoding...
2021-05-02 17:06:32,585 : INFO : End of feature encoding...
2021-05-02 17:06:32,587 : INFO : Start of Droping Columns...
2021-05-02 17:06:32,592 : INFO : End of Droping Columns...
2021-05-02 17:06:32,593 : INFO : Start of finding missing values...
2021-05-02 17:06:32,594 : INFO : End of finding missing values...
2021-05-02 17:06:32,594 : INFO : Start of building final predictset...
2021-05-02 17:06:32,618 : INFO : End of building final predictset...
2021-05-02 17:06:32,642 : INFO : End of Preprocessing...
2021-05-02 17:06:32,642 : INFO : Start of Load Model
2021-05-02 17:06:32,642 : INFO : Model File KMeans loaded
2021-05-02 17:06:32,643 : INFO : End of Load Model
2021-05-02 17:06:32,650 : INFO : clusters loop started
2021-05-02 17:06:32,652 : INFO : Start of finding correct model
2021-05-02 17:06:32,653 : INFO : End of finding correct model
2021-05-02 17:06:32,653 : INFO : Start of Load Model
2021-05-02 17:06:32,653 : INFO : Model File XGBoost2 loaded
2021-05-02 17:06:32,654 : INFO : End of Load Model
2021-05-02 17:06:32,689 : INFO : Shape of Data (1, 9)
2021-05-02 17:06:32,705 : INFO : Shape of Data None
2021-05-02 17:06:32,711 : INFO : Output : [0.]
2021-05-02 17:06:32,712 : INFO : End of Prediction
