2021-05-02 17:06:54,445 : INFO : Start of Prediction
2021-05-02 17:06:54,445 : INFO : run_id:2021-05-02_170654_882439038
2021-05-02 17:06:54,446 : INFO : Start of Preprocessing...
2021-05-02 17:06:54,446 : INFO : Start of feature encoding...
2021-05-02 17:06:54,472 : INFO : End of feature encoding...
2021-05-02 17:06:54,478 : INFO : Start of Droping Columns...
2021-05-02 17:06:54,482 : INFO : End of Droping Columns...
2021-05-02 17:06:54,483 : INFO : Start of finding missing values...
2021-05-02 17:06:54,495 : INFO : End of finding missing values...
2021-05-02 17:06:54,496 : INFO : Start of building final predictset...
2021-05-02 17:06:54,522 : INFO : End of building final predictset...
2021-05-02 17:06:54,551 : INFO : End of Preprocessing...
2021-05-02 17:06:54,551 : INFO : Start of Load Model
2021-05-02 17:06:54,551 : INFO : Model File KMeans loaded
2021-05-02 17:06:54,551 : INFO : End of Load Model
2021-05-02 17:06:54,576 : INFO : clusters loop started
2021-05-02 17:06:54,581 : INFO : Start of finding correct model
2021-05-02 17:06:54,582 : INFO : End of finding correct model
2021-05-02 17:06:54,582 : INFO : Start of Load Model
2021-05-02 17:06:54,582 : INFO : Model File XGBoost2 loaded
2021-05-02 17:06:54,582 : INFO : End of Load Model
2021-05-02 17:06:54,642 : INFO : Shape of Data (1, 9)
2021-05-02 17:06:54,660 : INFO : Shape of Data None
2021-05-02 17:06:54,667 : INFO : Output : [0.]
2021-05-02 17:06:54,668 : INFO : End of Prediction
