2021-05-02 17:06:27,962 : INFO : Start of Prediction
2021-05-02 17:06:27,962 : INFO : run_id:2021-05-02_170627_901449528
2021-05-02 17:06:27,963 : INFO : Start of Preprocessing...
2021-05-02 17:06:27,963 : INFO : Start of feature encoding...
2021-05-02 17:06:27,974 : INFO : End of feature encoding...
2021-05-02 17:06:27,975 : INFO : Start of Droping Columns...
2021-05-02 17:06:27,978 : INFO : End of Droping Columns...
2021-05-02 17:06:27,980 : INFO : Start of finding missing values...
2021-05-02 17:06:27,981 : INFO : End of finding missing values...
2021-05-02 17:06:27,981 : INFO : Start of building final predictset...
2021-05-02 17:06:27,989 : INFO : End of building final predictset...
2021-05-02 17:06:27,990 : INFO : End of Preprocessing...
2021-05-02 17:06:27,990 : INFO : Start of Load Model
2021-05-02 17:06:27,991 : INFO : Model File KMeans loaded
2021-05-02 17:06:27,991 : INFO : End of Load Model
2021-05-02 17:06:28,002 : INFO : clusters loop started
2021-05-02 17:06:28,007 : INFO : Start of finding correct model
2021-05-02 17:06:28,007 : INFO : End of finding correct model
2021-05-02 17:06:28,007 : INFO : Start of Load Model
2021-05-02 17:06:28,008 : INFO : Model File XGBoost2 loaded
2021-05-02 17:06:28,008 : INFO : End of Load Model
2021-05-02 17:06:28,046 : INFO : Shape of Data (1, 9)
2021-05-02 17:06:28,060 : INFO : Shape of Data None
2021-05-02 17:06:28,069 : INFO : Output : [0.]
2021-05-02 17:06:28,069 : INFO : End of Prediction
