2021-05-01 17:56:56,368 : INFO : Start of Prediction
2021-05-01 17:56:56,368 : INFO : run_id:2021-05-01_175656_826533769
2021-05-01 17:56:56,369 : INFO : Start of Data Load, validation and transformation
2021-05-01 17:56:56,369 : INFO : Start of Archiving Old Rejected Files...
2021-05-01 17:56:56,369 : INFO : End of Archiving Old Rejected Files...
2021-05-01 17:56:56,370 : INFO : Start of Archiving Old Validated Files...
2021-05-01 17:56:56,372 : INFO : End of Archiving Old Validated Files...
2021-05-01 17:56:56,372 : INFO : Start of Archiving Old Processed Files...
2021-05-01 17:56:56,374 : INFO : End of Archiving Old Processed Files...
2021-05-01 17:56:56,374 : INFO : Start of Archiving Old Result Files...
2021-05-01 17:56:56,425 : INFO : End of Archiving Old Result Files...
2021-05-01 17:56:56,425 : INFO : Start of Reading values From Schema...
2021-05-01 17:56:56,425 : INFO : End of Reading values From Schema...
2021-05-01 17:56:56,425 : INFO : Start of Validating Column Length...
2021-05-01 17:56:56,480 : INFO : Invalid Columns Length :: hr_employee_churn_data.csv
2021-05-01 17:56:56,480 : INFO : End of Validating Column Length...
2021-05-01 17:56:56,480 : INFO : Start of Validating Missing Values...
2021-05-01 17:56:56,481 : INFO : End of Validating Missing Values...
2021-05-01 17:56:56,481 : INFO : Start of Replacing Missing Values with NULL...
2021-05-01 17:56:56,481 : INFO : End of Replacing Missing Values with NULL...
2021-05-01 17:56:56,481 : INFO : Start of Creating Table...
2021-05-01 17:56:56,482 : INFO : Opened prediction database successfully
2021-05-01 17:56:56,688 : INFO : CREATE TABLE prediction_raw_data_t column_name
2021-05-01 17:56:56,748 : INFO : ALTER TABLE prediction_raw_data_t ADD COLUMN
2021-05-01 17:56:56,815 : INFO : ALTER TABLE prediction_raw_data_t ADD COLUMN
2021-05-01 17:56:56,881 : INFO : ALTER TABLE prediction_raw_data_t ADD COLUMN
2021-05-01 17:56:56,946 : INFO : ALTER TABLE prediction_raw_data_t ADD COLUMN
2021-05-01 17:56:57,037 : INFO : ALTER TABLE prediction_raw_data_t ADD COLUMN
2021-05-01 17:56:57,125 : INFO : ALTER TABLE prediction_raw_data_t ADD COLUMN
2021-05-01 17:56:57,203 : INFO : ALTER TABLE prediction_raw_data_t ADD COLUMN
2021-05-01 17:56:57,330 : INFO : ALTER TABLE prediction_raw_data_t ADD COLUMN
2021-05-01 17:56:57,331 : INFO : End of Creating Table...
2021-05-01 17:56:57,439 : INFO : Opened prediction database successfully
2021-05-01 17:56:57,439 : INFO : Start of Inserting Data into Table...
2021-05-01 17:56:57,441 : INFO : End of Inserting Data into Table...
2021-05-01 17:56:57,441 : INFO : Start of Exporting Data into CSV...
2021-05-01 17:56:57,442 : INFO : Opened prediction database successfully
2021-05-01 17:56:57,446 : INFO : End of Exporting Data into CSV...
2021-05-01 17:56:57,449 : INFO : Start of Moving Processed Files...
2021-05-01 17:56:57,449 : INFO : End of Moving Processed Files...
2021-05-01 17:56:57,449 : INFO : End of Data Load, validation and transformation
2021-05-01 17:56:57,449 : INFO : Start of Preprocessing...
2021-05-01 17:56:57,449 : INFO : Start of reading dataset...
2021-05-01 17:56:57,505 : INFO : End of reading dataset...
2021-05-01 17:56:57,505 : INFO : Start of feature encoding...
2021-05-01 17:56:57,696 : INFO : End of feature encoding...
2021-05-01 17:56:57,698 : INFO : Start of Droping Columns...
2021-05-01 17:56:57,700 : INFO : End of Droping Columns...
2021-05-01 17:56:57,700 : INFO : Start of finding missing values...
2021-05-01 17:56:57,707 : INFO : End of finding missing values...
2021-05-01 17:56:57,707 : INFO : Start of building final predictset...
2021-05-01 17:56:57,795 : INFO : End of building final predictset...
2021-05-01 17:56:57,795 : INFO : End of Preprocessing...
2021-05-01 17:56:57,795 : INFO : Start of Load Model
2021-05-01 17:56:57,813 : INFO : Model File KMeans loaded
2021-05-01 17:56:57,813 : INFO : End of Load Model
2021-05-01 17:56:57,819 : ERROR : Unsuccessful End of Prediction
Traceback (most recent call last):
  File "D:\GitHub\Employee-Retention-Prediction\App\apps\prediction\predict_model.py", line 60, in batch_predict_from_model
    #cluster selection
  File "D:\Programming\Python\Anaconda\lib\site-packages\sklearn\cluster\_kmeans.py", line 1201, in predict
    X = self._check_test_data(X)
  File "D:\Programming\Python\Anaconda\lib\site-packages\sklearn\cluster\_kmeans.py", line 993, in _check_test_data
    X = check_array(X, accept_sparse='csr', dtype=[np.float64, np.float32],
  File "D:\Programming\Python\Anaconda\lib\site-packages\sklearn\utils\validation.py", line 72, in inner_f
    return f(**kwargs)
  File "D:\Programming\Python\Anaconda\lib\site-packages\sklearn\utils\validation.py", line 650, in check_array
    raise ValueError("Found array with %d sample(s) (shape=%s) while a"
ValueError: Found array with 0 sample(s) (shape=(0, 11)) while a minimum of 1 is required.
