2021-05-02 17:06:29,104 : INFO : Start of Prediction
2021-05-02 17:06:29,105 : INFO : run_id:2021-05-02_170629_844486383
2021-05-02 17:06:29,105 : INFO : Start of Preprocessing...
2021-05-02 17:06:29,105 : INFO : Start of feature encoding...
2021-05-02 17:06:29,115 : INFO : End of feature encoding...
2021-05-02 17:06:29,116 : INFO : Start of Droping Columns...
2021-05-02 17:06:29,118 : INFO : End of Droping Columns...
2021-05-02 17:06:29,118 : INFO : Start of finding missing values...
2021-05-02 17:06:29,119 : INFO : End of finding missing values...
2021-05-02 17:06:29,119 : INFO : Start of building final predictset...
2021-05-02 17:06:29,133 : INFO : End of building final predictset...
2021-05-02 17:06:29,134 : INFO : End of Preprocessing...
2021-05-02 17:06:29,134 : INFO : Start of Load Model
2021-05-02 17:06:29,134 : INFO : Model File KMeans loaded
2021-05-02 17:06:29,134 : INFO : End of Load Model
2021-05-02 17:06:29,152 : INFO : clusters loop started
2021-05-02 17:06:29,164 : INFO : Start of finding correct model
2021-05-02 17:06:29,165 : INFO : End of finding correct model
2021-05-02 17:06:29,165 : INFO : Start of Load Model
2021-05-02 17:06:29,165 : INFO : Model File XGBoost2 loaded
2021-05-02 17:06:29,165 : INFO : End of Load Model
2021-05-02 17:06:29,221 : INFO : Shape of Data (1, 9)
2021-05-02 17:06:29,258 : INFO : Shape of Data None
2021-05-02 17:06:29,274 : INFO : Output : [0.]
2021-05-02 17:06:29,275 : INFO : End of Prediction
