2021-05-02 17:06:10,105 : INFO : Start of Prediction
2021-05-02 17:06:10,106 : INFO : run_id:2021-05-02_170610_202149217
2021-05-02 17:06:10,106 : INFO : Start of Preprocessing...
2021-05-02 17:06:10,106 : INFO : Start of feature encoding...
2021-05-02 17:06:10,127 : INFO : End of feature encoding...
2021-05-02 17:06:10,134 : INFO : Start of Droping Columns...
2021-05-02 17:06:10,138 : INFO : End of Droping Columns...
2021-05-02 17:06:10,139 : INFO : Start of finding missing values...
2021-05-02 17:06:10,151 : INFO : End of finding missing values...
2021-05-02 17:06:10,151 : INFO : Start of building final predictset...
2021-05-02 17:06:10,186 : INFO : End of building final predictset...
2021-05-02 17:06:10,227 : INFO : End of Preprocessing...
2021-05-02 17:06:10,228 : INFO : Start of Load Model
2021-05-02 17:06:10,228 : INFO : Model File KMeans loaded
2021-05-02 17:06:10,228 : INFO : End of Load Model
2021-05-02 17:06:10,234 : INFO : clusters loop started
2021-05-02 17:06:10,236 : INFO : Start of finding correct model
2021-05-02 17:06:10,237 : INFO : End of finding correct model
2021-05-02 17:06:10,237 : INFO : Start of Load Model
2021-05-02 17:06:10,237 : INFO : Model File XGBoost2 loaded
2021-05-02 17:06:10,237 : INFO : End of Load Model
2021-05-02 17:06:10,270 : INFO : Shape of Data (1, 9)
2021-05-02 17:06:10,285 : INFO : Shape of Data None
2021-05-02 17:06:10,294 : INFO : Output : [0.]
2021-05-02 17:06:10,295 : INFO : End of Prediction
