2021-05-01 17:40:05,375 : INFO : Start of Training
2021-05-01 17:40:05,376 : INFO : Run_id:2021-05-01_174005_687440318
2021-05-01 17:40:05,376 : INFO : Start of Data Load, validation and transformation
2021-05-01 17:40:05,376 : INFO : Start of Archiving Old Rejected Files...
2021-05-01 17:40:05,377 : INFO : End of Archiving Old Rejected Files...
2021-05-01 17:40:05,377 : INFO : Start of Archiving Old Validated Files...
2021-05-01 17:40:05,379 : INFO : End of Archiving Old Validated Files...
2021-05-01 17:40:05,380 : INFO : Start of Archiving Old Processed Files...
2021-05-01 17:40:05,380 : INFO : End of Archiving Old Processed Files...
2021-05-01 17:40:05,380 : INFO : Start of Archiving Old Result Files...
2021-05-01 17:40:05,381 : INFO : End of Archiving Old Result Files...
2021-05-01 17:40:05,382 : INFO : Start of Reading values From Schema...
2021-05-01 17:40:05,385 : INFO : End of Reading values From Schema...
2021-05-01 17:40:05,385 : INFO : Start of Validating Column Length...
2021-05-01 17:40:05,386 : INFO : End of Validating Column Length...
2021-05-01 17:40:05,386 : INFO : Start of Validating Missing Values...
2021-05-01 17:40:05,386 : INFO : End of Validating Missing Values...
2021-05-01 17:40:05,386 : INFO : Start of Replacing Missing Values with NULL...
2021-05-01 17:40:05,386 : INFO : End of Replacing Missing Values with NULL...
2021-05-01 17:40:05,387 : INFO : Start of Creating Table...
2021-05-01 17:40:05,401 : INFO : Opened training database successfully
2021-05-01 17:40:05,402 : INFO : Tables created successfully
2021-05-01 17:40:05,402 : INFO : Closed training database successfully
2021-05-01 17:40:05,402 : INFO : End of Creating Table...
2021-05-01 17:40:05,403 : INFO : Opened training database successfully
2021-05-01 17:40:05,403 : INFO : Start of Inserting Data into Table...
2021-05-01 17:40:05,403 : INFO : End of Inserting Data into Table...
2021-05-01 17:40:05,403 : INFO : Start of Exporting Data into CSV...
2021-05-01 17:40:05,403 : INFO : Opened training database successfully
2021-05-01 17:40:05,576 : INFO : End of Exporting Data into CSV...
2021-05-01 17:40:05,579 : INFO : Start of Moving Processed Files...
2021-05-01 17:40:05,579 : INFO : End of Moving Processed Files...
2021-05-01 17:40:05,579 : INFO : End of Data Load, validation and transformation
2021-05-01 17:40:05,579 : INFO : Start of Preprocessing...
2021-05-01 17:40:05,579 : INFO : Start of reading dataset...
2021-05-01 17:40:05,618 : INFO : End of reading dataset...
2021-05-01 17:40:05,618 : INFO : Start of Droping Columns...
2021-05-01 17:40:05,640 : INFO : End of Droping Columns...
2021-05-01 17:40:05,640 : INFO : Start of feature encoding...
2021-05-01 17:40:05,662 : INFO : End of feature encoding...
2021-05-01 17:40:05,677 : INFO : Start of Droping Columns...
2021-05-01 17:40:05,680 : INFO : End of Droping Columns...
2021-05-01 17:40:05,680 : INFO : Start of finding missing values...
2021-05-01 17:40:05,750 : INFO : End of finding missing values...
2021-05-01 17:40:05,751 : INFO : Start of imputing missing values...
2021-05-01 17:40:06,553 : INFO : End of imputing missing values...
2021-05-01 17:40:06,553 : INFO : Start of splitting features and label ...
2021-05-01 17:40:06,555 : INFO : End of splitting features and label ...
2021-05-01 17:40:06,555 : INFO : End of Preprocessing...
2021-05-01 17:40:06,556 : INFO : Start of elbow plotting...
2021-05-01 17:40:17,845 : INFO : The optimum number of clusters is: 3
2021-05-01 17:40:17,845 : INFO : End of elbow plotting...
2021-05-01 17:40:17,845 : INFO : Start of Create clusters...
2021-05-01 17:40:18,121 : INFO : Start of Save Models
2021-05-01 17:40:18,121 : INFO : Start of Save Models
2021-05-01 17:40:18,209 : INFO : Model File KMeans saved
2021-05-01 17:40:18,209 : INFO : Model File KMeans saved
2021-05-01 17:40:18,209 : INFO : End of Save Models
2021-05-01 17:40:18,209 : INFO : End of Save Models
2021-05-01 17:40:18,210 : INFO : succesfully created 3clusters.
2021-05-01 17:40:18,211 : INFO : End of Create clusters...
2021-05-01 17:40:18,352 : INFO : Start of finding best model...
2021-05-01 17:40:18,352 : INFO : Start of finding best params for XGBoost algo...
2021-05-01 17:42:39,385 : INFO : XGBoost best params: {'learning_rate': 0.5, 'max_depth': 10, 'n_estimators': 200}
2021-05-01 17:42:39,385 : INFO : End of finding best params for XGBoost algo...
2021-05-01 17:42:39,492 : INFO : AUC for XGBoost:0.983593869701696
2021-05-01 17:42:39,492 : INFO : Start of finding best params for randomforest algo...
2021-05-01 17:43:43,259 : INFO : Random Forest best params: {'criterion': 'entropy', 'max_depth': 3, 'max_features': 'auto', 'n_estimators': 100}
2021-05-01 17:43:43,260 : INFO : End of finding best params for randomforest algo...
2021-05-01 17:43:43,299 : INFO : AUC for XGBoost:0.9639171207555619
2021-05-01 17:43:43,299 : INFO : End of finding best model...
2021-05-01 17:43:43,299 : INFO : Start of Save Models
2021-05-01 17:43:43,299 : INFO : Start of Save Models
2021-05-01 17:43:43,352 : INFO : Model File XGBoost2 saved
2021-05-01 17:43:43,352 : INFO : Model File XGBoost2 saved
2021-05-01 17:43:43,352 : INFO : End of Save Models
2021-05-01 17:43:43,352 : INFO : End of Save Models
2021-05-01 17:43:43,368 : INFO : Start of finding best model...
2021-05-01 17:43:43,368 : INFO : Start of finding best params for XGBoost algo...
2021-05-01 17:46:27,664 : INFO : XGBoost best params: {'learning_rate': 0.1, 'max_depth': 10, 'n_estimators': 100}
2021-05-01 17:46:27,665 : INFO : End of finding best params for XGBoost algo...
2021-05-01 17:46:27,691 : INFO : AUC for XGBoost:0.9832103511442503
2021-05-01 17:46:27,691 : INFO : Start of finding best params for randomforest algo...
2021-05-01 17:47:41,251 : INFO : Random Forest best params: {'criterion': 'entropy', 'max_depth': 3, 'max_features': 'log2', 'n_estimators': 130}
2021-05-01 17:47:41,251 : INFO : End of finding best params for randomforest algo...
2021-05-01 17:47:41,294 : INFO : AUC for XGBoost:0.960538197579917
2021-05-01 17:47:41,294 : INFO : End of finding best model...
2021-05-01 17:47:41,295 : INFO : Start of Save Models
2021-05-01 17:47:41,295 : INFO : Start of Save Models
2021-05-01 17:47:41,346 : INFO : Model File XGBoost1 saved
2021-05-01 17:47:41,346 : INFO : Model File XGBoost1 saved
2021-05-01 17:47:41,346 : INFO : End of Save Models
2021-05-01 17:47:41,346 : INFO : End of Save Models
2021-05-01 17:47:41,354 : INFO : Start of finding best model...
2021-05-01 17:47:41,355 : INFO : Start of finding best params for XGBoost algo...
2021-05-01 17:49:19,905 : INFO : XGBoost best params: {'learning_rate': 0.5, 'max_depth': 20, 'n_estimators': 50}
2021-05-01 17:49:19,905 : INFO : End of finding best params for XGBoost algo...
2021-05-01 17:49:19,926 : INFO : AUC for XGBoost:0.9081905910735827
2021-05-01 17:49:19,927 : INFO : Start of finding best params for randomforest algo...
2021-05-01 17:50:09,651 : INFO : Random Forest best params: {'criterion': 'entropy', 'max_depth': 3, 'max_features': 'log2', 'n_estimators': 100}
2021-05-01 17:50:09,651 : INFO : End of finding best params for randomforest algo...
2021-05-01 17:50:09,693 : INFO : AUC for XGBoost:0.8193968636911944
2021-05-01 17:50:09,693 : INFO : End of finding best model...
2021-05-01 17:50:09,694 : INFO : Start of Save Models
2021-05-01 17:50:09,694 : INFO : Start of Save Models
2021-05-01 17:50:09,713 : INFO : Model File XGBoost0 saved
2021-05-01 17:50:09,713 : INFO : Model File XGBoost0 saved
2021-05-01 17:50:09,713 : INFO : End of Save Models
2021-05-01 17:50:09,713 : INFO : End of Save Models
2021-05-01 17:50:09,713 : INFO : End of Training
